write_database_header(): nodes: 1 - rows: 0 - root node id: 1
database_store_node(): writing node 1 (parent 0) to num_moves_1.c4_index
database_store_node(): storing 88 bytes at offset 24
load_node_from_file(): retrieved node 1 (0x7f8523500380) (cr: 1/ld: 1/fr: 1)
database_store_node(): writing node 1 (parent 0) to num_moves_1.c4_index
database_store_node(): storing 88 bytes at offset 24
storing 27 bytes at offset 0
database_store_node(): writing node 1 (parent 0) to num_moves_1.c4_index
database_store_node(): storing 88 bytes at offset 24
storing 27 bytes at offset 27
database_store_node(): writing node 1 (parent 0) to num_moves_1.c4_index
database_store_node(): storing 88 bytes at offset 24
database_store_node(): writing node 2 (parent 0) to num_moves_1.c4_index
database_store_node(): storing 88 bytes at offset 112
database_store_node(): writing node 3 (parent 0) to num_moves_1.c4_index
database_store_node(): storing 88 bytes at offset 200
database_store_node(): writing node 1 (parent 3) to num_moves_1.c4_index
database_store_node(): storing 88 bytes at offset 24
database_store_node(): writing node 2 (parent 3) to num_moves_1.c4_index
database_store_node(): storing 88 bytes at offset 112
load_node_from_file(): retrieved node 3 (0x7f8523405460) (cr: 3/ld: 2/fr: 3)
load_node_from_file(): retrieved node 2 (0x7f8523600060) (cr: 3/ld: 3/fr: 3)
database_store_node(): writing node 1 (parent 3) to num_moves_1.c4_index
database_store_node(): storing 88 bytes at offset 24
storing 27 bytes at offset 54
load_node_from_file(): retrieved node 1 (0x7f85236000c0) (cr: 3/ld: 4/fr: 4)
database_store_node(): writing node 3 (parent 0) to num_moves_1.c4_index
database_store_node(): storing 88 bytes at offset 200
load_node_from_file(): retrieved node 3 (0x7f8523500380) (cr: 3/ld: 5/fr: 5)
database_store_node(): writing node 2 (parent 3) to num_moves_1.c4_index
database_store_node(): storing 88 bytes at offset 112
database_store_node(): writing node 1 (parent 3) to num_moves_1.c4_index
database_store_node(): storing 88 bytes at offset 24
load_node_from_file(): retrieved node 2 (0x7f8523500480) (cr: 3/ld: 6/fr: 6)
database_store_node(): writing node 1 (parent 3) to num_moves_1.c4_index
database_store_node(): storing 88 bytes at offset 24
storing 27 bytes at offset 81
load_node_from_file(): retrieved node 1 (0x7f8523700000) (cr: 3/ld: 7/fr: 7)
database_store_node(): writing node 3 (parent 0) to num_moves_1.c4_index
database_store_node(): storing 88 bytes at offset 200
load_node_from_file(): retrieved node 3 (0x7f8523405460) (cr: 3/ld: 8/fr: 8)
database_store_node(): writing node 2 (parent 3) to num_moves_1.c4_index
database_store_node(): storing 88 bytes at offset 112
database_store_node(): writing node 1 (parent 3) to num_moves_1.c4_index
database_store_node(): storing 88 bytes at offset 24
database_store_node(): writing node 4 (parent 3) to num_moves_1.c4_index
database_store_node(): storing 88 bytes at offset 288
load_node_from_file(): retrieved node 3 (0x7f8523500480) (cr: 4/ld: 9/fr: 9)
load_node_from_file(): retrieved node 2 (0x7f8523500380) (cr: 4/ld: 10/fr: 9)
database_store_node(): writing node 1 (parent 3) to num_moves_1.c4_index
database_store_node(): storing 88 bytes at offset 24
load_node_from_file(): retrieved node 3 (0x7f8523500480) (cr: 4/ld: 11/fr: 11)
load_node_from_file(): retrieved node 1 (0x7f85235004e0) (cr: 4/ld: 12/fr: 11)
database_store_node(): writing node 3 (parent 0) to num_moves_1.c4_index
database_store_node(): storing 88 bytes at offset 200
load_node_from_file(): retrieved node 4 (0x7f8523500560) (cr: 4/ld: 13/fr: 12)
database_store_node(): writing node 2 (parent 3) to num_moves_1.c4_index
database_store_node(): storing 88 bytes at offset 112
load_node_from_file(): retrieved node 2 (0x7f8523405460) (cr: 4/ld: 14/fr: 13)
database_store_node(): writing node 1 (parent 3) to num_moves_1.c4_index
database_store_node(): storing 88 bytes at offset 24
load_node_from_file(): retrieved node 1 (0x7f85236000c0) (cr: 4/ld: 15/fr: 14)
database_store_node(): writing node 4 (parent 3) to num_moves_1.c4_index
database_store_node(): storing 88 bytes at offset 288
load_node_from_file(): retrieved node 4 (0x7f8523600120) (cr: 4/ld: 16/fr: 15)
database_store_node(): writing node 2 (parent 3) to num_moves_1.c4_index
database_store_node(): storing 88 bytes at offset 112
load_node_from_file(): retrieved node 2 (0x7f8523405460) (cr: 4/ld: 17/fr: 16)
database_store_node(): writing node 1 (parent 3) to num_moves_1.c4_index
database_store_node(): storing 88 bytes at offset 24
database_store_node(): writing node 3 (parent 0) to num_moves_1.c4_index
database_store_node(): storing 88 bytes at offset 200
load_node_from_file(): retrieved node 3 (0x7f85234054c0) (cr: 4/ld: 18/fr: 19)
database_store_node(): writing node 4 (parent 3) to num_moves_1.c4_index
database_store_node(): storing 88 bytes at offset 288
load_node_from_file(): retrieved node 1 (0x7f8523600120) (cr: 4/ld: 19/fr: 20)
database_store_node(): writing node 2 (parent 3) to num_moves_1.c4_index
database_store_node(): storing 88 bytes at offset 112
load_node_from_file(): retrieved node 4 (0x7f8523700000) (cr: 4/ld: 20/fr: 21)
database_store_node(): writing node 3 (parent 0) to num_moves_1.c4_index
database_store_node(): storing 88 bytes at offset 200
load_node_from_file(): retrieved node 2 (0x7f8523700060) (cr: 4/ld: 21/fr: 22)
database_store_node(): writing node 1 (parent 3) to num_moves_1.c4_index
database_store_node(): storing 88 bytes at offset 24
storing 27 bytes at offset 108
load_node_from_file(): retrieved node 3 (0x7f8523600060) (cr: 4/ld: 22/fr: 23)
database_store_node(): writing node 4 (parent 3) to num_moves_1.c4_index
database_store_node(): storing 88 bytes at offset 288
load_node_from_file(): retrieved node 1 (0x7f8523500480) (cr: 4/ld: 23/fr: 24)
database_store_node(): writing node 2 (parent 3) to num_moves_1.c4_index
database_store_node(): storing 88 bytes at offset 112
load_node_from_file(): retrieved node 4 (0x7f8523500380) (cr: 4/ld: 24/fr: 25)
database_store_node(): writing node 3 (parent 0) to num_moves_1.c4_index
database_store_node(): storing 88 bytes at offset 200
load_node_from_file(): retrieved node 2 (0x7f85234054c0) (cr: 4/ld: 25/fr: 26)
database_store_node(): writing node 1 (parent 3) to num_moves_1.c4_index
database_store_node(): storing 88 bytes at offset 24
load_node_from_file(): retrieved node 3 (0x7f8523405460) (cr: 4/ld: 26/fr: 27)
database_store_node(): writing node 4 (parent 3) to num_moves_1.c4_index
database_store_node(): storing 88 bytes at offset 288
load_node_from_file(): retrieved node 1 (0x7f8523500380) (cr: 4/ld: 27/fr: 28)
database_store_node(): writing node 2 (parent 3) to num_moves_1.c4_index
database_store_node(): storing 88 bytes at offset 112
database_store_node(): writing node 1 (parent 3) to num_moves_1.c4_index
database_store_node(): storing 88 bytes at offset 24
load_node_from_file(): retrieved node 4 (0x7f85234054c0) (cr: 4/ld: 28/fr: 29)
database_store_node(): writing node 3 (parent 0) to num_moves_1.c4_index
database_store_node(): storing 88 bytes at offset 200
load_node_from_file(): retrieved node 2 (0x7f8523700060) (cr: 4/ld: 29/fr: 30)
database_store_node(): writing node 1 (parent 3) to num_moves_1.c4_index
database_store_node(): storing 88 bytes at offset 24
storing 27 bytes at offset 135
load_node_from_file(): retrieved node 3 (0x7f8523600060) (cr: 4/ld: 30/fr: 31)
database_store_node(): writing node 4 (parent 3) to num_moves_1.c4_index
database_store_node(): storing 88 bytes at offset 288
load_node_from_file(): retrieved node 1 (0x7f8523500380) (cr: 4/ld: 31/fr: 32)
database_store_node(): writing node 2 (parent 3) to num_moves_1.c4_index
database_store_node(): storing 88 bytes at offset 112
load_node_from_file(): retrieved node 4 (0x7f85234054c0) (cr: 4/ld: 32/fr: 33)
database_store_node(): writing node 3 (parent 0) to num_moves_1.c4_index
database_store_node(): storing 88 bytes at offset 200
load_node_from_file(): retrieved node 2 (0x7f8523405460) (cr: 4/ld: 33/fr: 34)
database_store_node(): writing node 1 (parent 3) to num_moves_1.c4_index
database_store_node(): storing 88 bytes at offset 24
load_node_from_file(): retrieved node 3 (0x7f8523405520) (cr: 4/ld: 34/fr: 35)
database_store_node(): writing node 4 (parent 3) to num_moves_1.c4_index
database_store_node(): storing 88 bytes at offset 288
load_node_from_file(): retrieved node 1 (0x7f85234054c0) (cr: 4/ld: 35/fr: 36)
database_store_node(): writing node 2 (parent 3) to num_moves_1.c4_index
database_store_node(): storing 88 bytes at offset 112
database_store_node(): writing node 1 (parent 3) to num_moves_1.c4_index
database_store_node(): storing 88 bytes at offset 24
database_store_node(): writing node 5 (parent 3) to num_moves_1.c4_index
database_store_node(): storing 88 bytes at offset 376
load_node_from_file(): retrieved node 3 (0x7f8523600060) (cr: 5/ld: 36/fr: 37)
load_node_from_file(): retrieved node 4 (0x7f85236000c0) (cr: 5/ld: 37/fr: 37)
database_store_node(): writing node 3 (parent 0) to num_moves_1.c4_index
database_store_node(): storing 88 bytes at offset 200
load_node_from_file(): retrieved node 2 (0x7f8523500440) (cr: 5/ld: 38/fr: 38)
database_store_node(): writing node 1 (parent 3) to num_moves_1.c4_index
database_store_node(): storing 88 bytes at offset 24
load_node_from_file(): retrieved node 3 (0x7f85235004a0) (cr: 5/ld: 39/fr: 40)
load_node_from_file(): retrieved node 1 (0x7f8523500500) (cr: 5/ld: 40/fr: 40)
database_store_node(): writing node 4 (parent 3) to num_moves_1.c4_index
database_store_node(): storing 88 bytes at offset 288
load_node_from_file(): retrieved node 4 (0x7f8523500560) (cr: 5/ld: 41/fr: 41)
database_store_node(): writing node 2 (parent 3) to num_moves_1.c4_index
database_store_node(): storing 88 bytes at offset 112
load_node_from_file(): retrieved node 2 (0x7f8523500440) (cr: 5/ld: 42/fr: 42)
database_store_node(): writing node 1 (parent 3) to num_moves_1.c4_index
database_store_node(): storing 88 bytes at offset 24
load_node_from_file(): retrieved node 1 (0x7f85234054c0) (cr: 5/ld: 43/fr: 43)
database_store_node(): writing node 4 (parent 3) to num_moves_1.c4_index
database_store_node(): storing 88 bytes at offset 288
load_node_from_file(): retrieved node 5 (0x7f8523700060) (cr: 5/ld: 44/fr: 44)
database_store_node(): writing node 2 (parent 3) to num_moves_1.c4_index
database_store_node(): storing 88 bytes at offset 112
load_node_from_file(): retrieved node 4 (0x7f8523405520) (cr: 5/ld: 45/fr: 45)
database_store_node(): writing node 1 (parent 3) to num_moves_1.c4_index
database_store_node(): storing 88 bytes at offset 24
load_node_from_file(): retrieved node 2 (0x7f85234054c0) (cr: 5/ld: 46/fr: 46)
database_store_node(): writing node 5 (parent 3) to num_moves_1.c4_index
database_store_node(): storing 88 bytes at offset 376
load_node_from_file(): retrieved node 1 (0x7f8523405460) (cr: 5/ld: 47/fr: 47)
database_store_node(): writing node 4 (parent 3) to num_moves_1.c4_index
database_store_node(): storing 88 bytes at offset 288
load_node_from_file(): retrieved node 5 (0x7f8523405520) (cr: 5/ld: 48/fr: 48)
database_store_node(): writing node 2 (parent 3) to num_moves_1.c4_index
database_store_node(): storing 88 bytes at offset 112
load_node_from_file(): retrieved node 4 (0x7f8523500440) (cr: 5/ld: 49/fr: 49)
database_store_node(): writing node 1 (parent 3) to num_moves_1.c4_index
database_store_node(): storing 88 bytes at offset 24
load_node_from_file(): retrieved node 2 (0x7f8523405460) (cr: 5/ld: 50/fr: 50)
database_store_node(): writing node 5 (parent 3) to num_moves_1.c4_index
database_store_node(): storing 88 bytes at offset 376
load_node_from_file(): retrieved node 1 (0x7f8523405520) (cr: 5/ld: 51/fr: 51)
database_store_node(): writing node 4 (parent 3) to num_moves_1.c4_index
database_store_node(): storing 88 bytes at offset 288
load_node_from_file(): retrieved node 5 (0x7f85234054c0) (cr: 5/ld: 52/fr: 52)
database_store_node(): writing node 2 (parent 3) to num_moves_1.c4_index
database_store_node(): storing 88 bytes at offset 112
load_node_from_file(): retrieved node 4 (0x7f8523700060) (cr: 5/ld: 53/fr: 53)
database_store_node(): writing node 1 (parent 3) to num_moves_1.c4_index
database_store_node(): storing 88 bytes at offset 24
load_node_from_file(): retrieved node 2 (0x7f85236000c0) (cr: 5/ld: 54/fr: 54)
database_store_node(): writing node 5 (parent 3) to num_moves_1.c4_index
database_store_node(): storing 88 bytes at offset 376
load_node_from_file(): retrieved node 4 (0x7f8523500500) (cr: 6/ld: 55/fr: 55)
database_store_node(): writing node 4 (parent 6) to num_moves_1.c4_index
database_store_node(): storing 88 bytes at offset 288
load_node_from_file(): retrieved node 2 (0x7f85234054c0) (cr: 6/ld: 56/fr: 56)
database_store_node(): writing node 2 (parent 6) to num_moves_1.c4_index
database_store_node(): storing 88 bytes at offset 112
load_node_from_file(): retrieved node 1 (0x7f8523500500) (cr: 6/ld: 57/fr: 57)
database_store_node(): writing node 4 (parent 3) to num_moves_1.c4_index
database_store_node(): storing 88 bytes at offset 288
load_node_from_file(): retrieved node 5 (0x7f85234054c0) (cr: 6/ld: 58/fr: 58)
database_store_node(): writing node 2 (parent 3) to num_moves_1.c4_index
database_store_node(): storing 88 bytes at offset 112
database_store_node(): writing node 3 (parent 0) to num_moves_1.c4_index
database_store_node(): storing 88 bytes at offset 200
database_store_node(): writing node 6 (parent 0) to num_moves_1.c4_index
database_store_node(): storing 88 bytes at offset 464
database_store_node(): writing node 7 (parent 0) to num_moves_1.c4_index
database_store_node(): storing 88 bytes at offset 552
database_store_node(): writing node 3 (parent 7) to num_moves_1.c4_index
database_store_node(): storing 88 bytes at offset 200
database_store_node(): writing node 6 (parent 7) to num_moves_1.c4_index
database_store_node(): storing 88 bytes at offset 464
load_node_from_file(): retrieved node 4 (0x7f8523405520) (cr: 7/ld: 59/fr: 60)
database_store_node(): writing node 1 (parent 3) to num_moves_1.c4_index
database_store_node(): storing 88 bytes at offset 24
load_node_from_file(): retrieved node 2 (0x7f8523500500) (cr: 7/ld: 60/fr: 61)
database_store_node(): writing node 5 (parent 3) to num_moves_1.c4_index
database_store_node(): storing 88 bytes at offset 376
load_node_from_file(): retrieved node 1 (0x7f85234054c0) (cr: 7/ld: 61/fr: 62)
database_store_node(): writing node 4 (parent 3) to num_moves_1.c4_index
database_store_node(): storing 88 bytes at offset 288
load_node_from_file(): retrieved node 5 (0x7f85236000c0) (cr: 7/ld: 62/fr: 63)
database_store_node(): writing node 2 (parent 3) to num_moves_1.c4_index
database_store_node(): storing 88 bytes at offset 112
load_node_from_file(): retrieved node 3 (0x7f8523405520) (cr: 7/ld: 63/fr: 67)
database_store_node(): writing node 1 (parent 3) to num_moves_1.c4_index
database_store_node(): storing 88 bytes at offset 24
load_node_from_file(): retrieved node 7 (0x7f85234054c0) (cr: 7/ld: 64/fr: 68)
database_store_node(): writing node 5 (parent 3) to num_moves_1.c4_index
database_store_node(): storing 88 bytes at offset 376
load_node_from_file(): retrieved node 5 (0x7f8523500380) (cr: 7/ld: 65/fr: 69)
database_store_node(): writing node 3 (parent 7) to num_moves_1.c4_index
database_store_node(): storing 88 bytes at offset 200
load_node_from_file(): retrieved node 6 (0x7f8523500440) (cr: 7/ld: 66/fr: 70)
database_store_node(): writing node 7 (parent 0) to num_moves_1.c4_index
database_store_node(): storing 88 bytes at offset 552
load_node_from_file(): retrieved node 2 (0x7f85234054c0) (cr: 7/ld: 67/fr: 71)
database_store_node(): writing node 5 (parent 3) to num_moves_1.c4_index
database_store_node(): storing 88 bytes at offset 376
storing 27 bytes at offset 162
database_store_node(): writing node 2 (parent 3) to num_moves_1.c4_index
database_store_node(): storing 88 bytes at offset 112
database_store_node(): writing node 6 (parent 7) to num_moves_1.c4_index
database_store_node(): storing 88 bytes at offset 464
write_database_header(): nodes: 7 - rows: 7 - root node id: 7
