write_database_header(): nodes: 1 - rows: 0 - root node id: 1
database_store_node(): writing node 1 (parent 0) to num_moves_!.c4_index
database_store_node(): storing 88 bytes at offset 24
load_node_from_file(): retrieved node 1 (0x7fe578e000c0) (cr: 1/ld: 1/fr: 1)
database_store_node(): writing node 1 (parent 0) to num_moves_!.c4_index
database_store_node(): storing 88 bytes at offset 24
load_node_from_file(): retrieved node 1 (0x7fe578c05340) (cr: 1/ld: 2/fr: 2)
storing 27 bytes at offset 0
load_node_from_file(): retrieved node 1 (0x7fe578e000c0) (cr: 1/ld: 3/fr: 3)
database_store_node(): writing node 1 (parent 0) to num_moves_!.c4_index
database_store_node(): storing 88 bytes at offset 24
load_node_from_file(): retrieved node 1 (0x7fe578e000c0) (cr: 1/ld: 4/fr: 4)
storing 27 bytes at offset 27
load_node_from_file(): retrieved node 1 (0x7fe578f00060) (cr: 1/ld: 5/fr: 5)
database_store_node(): writing node 1 (parent 0) to num_moves_!.c4_index
database_store_node(): storing 88 bytes at offset 24
database_store_node(): writing node 2 (parent 0) to num_moves_!.c4_index
database_store_node(): storing 88 bytes at offset 112
database_store_node(): writing node 3 (parent 0) to num_moves_!.c4_index
database_store_node(): storing 88 bytes at offset 200
database_store_node(): writing node 1 (parent 3) to num_moves_!.c4_index
database_store_node(): storing 88 bytes at offset 24
database_store_node(): writing node 2 (parent 3) to num_moves_!.c4_index
database_store_node(): storing 88 bytes at offset 112
load_node_from_file(): retrieved node 1 (0x7fe578f00060) (cr: 3/ld: 6/fr: 8)
load_node_from_file(): retrieved node 3 (0x7fe578f000c0) (cr: 3/ld: 7/fr: 8)
load_node_from_file(): retrieved node 1 (0x7fe578c05340) (cr: 3/ld: 8/fr: 9)
load_node_from_file(): retrieved node 2 (0x7fe578e000a0) (cr: 3/ld: 9/fr: 10)
storing 27 bytes at offset 54
load_node_from_file(): retrieved node 3 (0x7fe578f00060) (cr: 3/ld: 10/fr: 12)
load_node_from_file(): retrieved node 1 (0x7fe578f000c0) (cr: 3/ld: 11/fr: 12)
database_store_node(): writing node 1 (parent 3) to num_moves_!.c4_index
database_store_node(): storing 88 bytes at offset 24
load_node_from_file(): retrieved node 3 (0x7fe578d00260) (cr: 3/ld: 12/fr: 14)
load_node_from_file(): retrieved node 1 (0x7fe578d002c0) (cr: 3/ld: 13/fr: 14)
load_node_from_file(): retrieved node 2 (0x7fe578d002c0) (cr: 3/ld: 14/fr: 15)
storing 27 bytes at offset 81
load_node_from_file(): retrieved node 3 (0x7fe578d00260) (cr: 3/ld: 15/fr: 17)
load_node_from_file(): retrieved node 1 (0x7fe578d00320) (cr: 3/ld: 16/fr: 17)
database_store_node(): writing node 1 (parent 3) to num_moves_!.c4_index
database_store_node(): storing 88 bytes at offset 24
database_store_node(): writing node 4 (parent 3) to num_moves_!.c4_index
database_store_node(): storing 88 bytes at offset 288
load_node_from_file(): retrieved node 3 (0x7fe578f00040) (cr: 4/ld: 17/fr: 17)
load_node_from_file(): retrieved node 1 (0x7fe578e000a0) (cr: 4/ld: 18/fr: 17)
load_node_from_file(): retrieved node 2 (0x7fe578d003e0) (cr: 4/ld: 19/fr: 18)
load_node_from_file(): retrieved node 1 (0x7fe578d003e0) (cr: 4/ld: 20/fr: 19)
load_node_from_file(): retrieved node 4 (0x7fe578d003e0) (cr: 4/ld: 21/fr: 20)
load_node_from_file(): retrieved node 2 (0x7fe578d003e0) (cr: 4/ld: 22/fr: 21)
database_store_node(): writing node 3 (parent 0) to num_moves_!.c4_index
database_store_node(): storing 88 bytes at offset 200
load_node_from_file(): retrieved node 3 (0x7fe578c05340) (cr: 4/ld: 23/fr: 26)
load_node_from_file(): retrieved node 1 (0x7fe578c053a0) (cr: 4/ld: 24/fr: 26)
load_node_from_file(): retrieved node 4 (0x7fe578c053a0) (cr: 4/ld: 25/fr: 27)
load_node_from_file(): retrieved node 2 (0x7fe578f00040) (cr: 4/ld: 26/fr: 28)
storing 27 bytes at offset 108
load_node_from_file(): retrieved node 3 (0x7fe578c05340) (cr: 4/ld: 27/fr: 30)
load_node_from_file(): retrieved node 1 (0x7fe578c05400) (cr: 4/ld: 28/fr: 30)
database_store_node(): writing node 1 (parent 3) to num_moves_!.c4_index
database_store_node(): storing 88 bytes at offset 24
load_node_from_file(): retrieved node 3 (0x7fe578f00040) (cr: 4/ld: 29/fr: 32)
load_node_from_file(): retrieved node 1 (0x7fe578d00260) (cr: 4/ld: 30/fr: 32)
load_node_from_file(): retrieved node 4 (0x7fe578f000a0) (cr: 4/ld: 31/fr: 33)
load_node_from_file(): retrieved node 2 (0x7fe578d00260) (cr: 4/ld: 32/fr: 34)
storing 27 bytes at offset 135
load_node_from_file(): retrieved node 3 (0x7fe578c053e0) (cr: 4/ld: 33/fr: 36)
load_node_from_file(): retrieved node 1 (0x7fe578c05460) (cr: 4/ld: 34/fr: 36)
database_store_node(): writing node 1 (parent 3) to num_moves_!.c4_index
database_store_node(): storing 88 bytes at offset 24
database_store_node(): writing node 5 (parent 3) to num_moves_!.c4_index
database_store_node(): storing 88 bytes at offset 376
load_node_from_file(): retrieved node 3 (0x7fe578f000a0) (cr: 5/ld: 35/fr: 36)
load_node_from_file(): retrieved node 1 (0x7fe578f00120) (cr: 5/ld: 36/fr: 36)
load_node_from_file(): retrieved node 4 (0x7fe578f00120) (cr: 5/ld: 37/fr: 37)
load_node_from_file(): retrieved node 2 (0x7fe578f00120) (cr: 5/ld: 38/fr: 38)
load_node_from_file(): retrieved node 1 (0x7fe578d00260) (cr: 5/ld: 39/fr: 39)
load_node_from_file(): retrieved node 5 (0x7fe578f00120) (cr: 5/ld: 40/fr: 40)
load_node_from_file(): retrieved node 4 (0x7fe578f00120) (cr: 5/ld: 41/fr: 41)
load_node_from_file(): retrieved node 2 (0x7fe578d00260) (cr: 5/ld: 42/fr: 42)
load_node_from_file(): retrieved node 4 (0x7fe578d002c0) (cr: 6/ld: 43/fr: 43)
database_store_node(): writing node 4 (parent 6) to num_moves_!.c4_index
database_store_node(): storing 88 bytes at offset 288
load_node_from_file(): retrieved node 2 (0x7fe578d002c0) (cr: 6/ld: 44/fr: 44)
database_store_node(): writing node 2 (parent 6) to num_moves_!.c4_index
database_store_node(): storing 88 bytes at offset 112
database_store_node(): writing node 3 (parent 0) to num_moves_!.c4_index
database_store_node(): storing 88 bytes at offset 200
database_store_node(): writing node 6 (parent 0) to num_moves_!.c4_index
database_store_node(): storing 88 bytes at offset 464
database_store_node(): writing node 7 (parent 0) to num_moves_!.c4_index
database_store_node(): storing 88 bytes at offset 552
database_store_node(): writing node 3 (parent 7) to num_moves_!.c4_index
database_store_node(): storing 88 bytes at offset 200
database_store_node(): writing node 6 (parent 7) to num_moves_!.c4_index
database_store_node(): storing 88 bytes at offset 464
load_node_from_file(): retrieved node 4 (0x7fe578d002c0) (cr: 7/ld: 45/fr: 46)
load_node_from_file(): retrieved node 2 (0x7fe578d002c0) (cr: 7/ld: 46/fr: 47)
load_node_from_file(): retrieved node 1 (0x7fe578d002c0) (cr: 7/ld: 47/fr: 48)
load_node_from_file(): retrieved node 5 (0x7fe578d002c0) (cr: 7/ld: 48/fr: 49)
load_node_from_file(): retrieved node 3 (0x7fe578f00040) (cr: 7/ld: 49/fr: 55)
load_node_from_file(): retrieved node 7 (0x7fe578f000a0) (cr: 7/ld: 50/fr: 55)
load_node_from_file(): retrieved node 3 (0x7fe578f00040) (cr: 7/ld: 51/fr: 56)
load_node_from_file(): retrieved node 5 (0x7fe578d00260) (cr: 7/ld: 52/fr: 56)
load_node_from_file(): retrieved node 6 (0x7fe578f00040) (cr: 7/ld: 53/fr: 58)
load_node_from_file(): retrieved node 2 (0x7fe578d00260) (cr: 7/ld: 54/fr: 58)
storing 27 bytes at offset 162
write_database_header(): nodes: 7 - rows: 7 - root node id: 7
