write_database_header(): nodes: 1 - rows: 0 - root node id: 1
database_store_node(): writing node 1 (parent 0) to num_moves_4.c4_index
database_store_node(): storing 88 bytes at offset 24
load_node_from_file(): retrieved node 1 (0x7f89734057e0) (cr: 1/ld: 1/fr: 1)
database_store_node(): writing node 1 (parent 0) to num_moves_4.c4_index
database_store_node(): storing 88 bytes at offset 24
load_node_from_file(): retrieved node 1 (0x7f8973405900) (cr: 1/ld: 2/fr: 1)
storing 27 bytes at offset 0
load_node_from_file(): retrieved node 1 (0x7f8973500060) (cr: 1/ld: 3/fr: 1)
database_store_node(): writing node 1 (parent 0) to num_moves_4.c4_index
database_store_node(): storing 88 bytes at offset 24
database_store_node(): writing node 1 (parent 0) to num_moves_4.c4_index
database_store_node(): storing 88 bytes at offset 24
load_node_from_file(): retrieved node 1 (0x7f89734057e0) (cr: 1/ld: 4/fr: 2)
database_store_node(): writing node 1 (parent 0) to num_moves_4.c4_index
database_store_node(): storing 88 bytes at offset 24
storing 27 bytes at offset 27
load_node_from_file(): retrieved node 1 (0x7f8973600060) (cr: 1/ld: 5/fr: 3)
database_store_node(): writing node 1 (parent 0) to num_moves_4.c4_index
database_store_node(): storing 88 bytes at offset 24
database_store_node(): writing node 1 (parent 0) to num_moves_4.c4_index
database_store_node(): storing 88 bytes at offset 24
load_node_from_file(): retrieved node 1 (0x7f8973500060) (cr: 1/ld: 6/fr: 4)
database_store_node(): writing node 1 (parent 0) to num_moves_4.c4_index
database_store_node(): storing 88 bytes at offset 24
storing 27 bytes at offset 54
load_node_from_file(): retrieved node 1 (0x7f8973500000) (cr: 1/ld: 7/fr: 5)
database_store_node(): writing node 1 (parent 0) to num_moves_4.c4_index
database_store_node(): storing 88 bytes at offset 24
database_store_node(): writing node 1 (parent 0) to num_moves_4.c4_index
database_store_node(): storing 88 bytes at offset 24
database_store_node(): writing node 2 (parent 0) to num_moves_4.c4_index
database_store_node(): storing 88 bytes at offset 112
database_store_node(): writing node 3 (parent 0) to num_moves_4.c4_index
database_store_node(): storing 88 bytes at offset 200
database_store_node(): writing node 1 (parent 3) to num_moves_4.c4_index
database_store_node(): storing 88 bytes at offset 24
database_store_node(): writing node 2 (parent 3) to num_moves_4.c4_index
database_store_node(): storing 88 bytes at offset 112
load_node_from_file(): retrieved node 1 (0x7f89734057e0) (cr: 3/ld: 8/fr: 8)
database_store_node(): writing node 1 (parent 0) to num_moves_4.c4_index
database_store_node(): storing 88 bytes at offset 24
load_node_from_file(): retrieved node 3 (0x7f8973500060) (cr: 3/ld: 9/fr: 9)
database_store_node(): writing node 1 (parent 3) to num_moves_4.c4_index
database_store_node(): storing 88 bytes at offset 24
load_node_from_file(): retrieved node 1 (0x7f8973600060) (cr: 3/ld: 10/fr: 10)
database_store_node(): writing node 1 (parent 3) to num_moves_4.c4_index
database_store_node(): storing 88 bytes at offset 24
load_node_from_file(): retrieved node 2 (0x7f8973500000) (cr: 3/ld: 11/fr: 11)
database_store_node(): writing node 3 (parent 0) to num_moves_4.c4_index
database_store_node(): storing 88 bytes at offset 200
storing 27 bytes at offset 81
load_node_from_file(): retrieved node 3 (0x7f8973500060) (cr: 3/ld: 12/fr: 12)
database_store_node(): writing node 1 (parent 3) to num_moves_4.c4_index
database_store_node(): storing 88 bytes at offset 24
load_node_from_file(): retrieved node 1 (0x7f8973500120) (cr: 3/ld: 13/fr: 13)
database_store_node(): writing node 2 (parent 3) to num_moves_4.c4_index
database_store_node(): storing 88 bytes at offset 112
load_node_from_file(): retrieved node 2 (0x7f8973700000) (cr: 3/ld: 14/fr: 14)
database_store_node(): writing node 3 (parent 0) to num_moves_4.c4_index
database_store_node(): storing 88 bytes at offset 200
